<?xml version="1.0" encoding="UTF-8"?>
<testng-results ignored="0" total="1" passed="1" failed="0" skipped="0">
  <reporter-output>
  </reporter-output>
  <suite started-at="2021-08-22T20:21:01 IST" name="Suite" finished-at="2021-08-22T20:21:18 IST" duration-ms="16885">
    <groups>
    </groups>
    <test started-at="2021-08-22T20:21:01 IST" name="Test" finished-at="2021-08-22T20:21:18 IST" duration-ms="16885">
      <class name="DemoTest">
        <test-method is-config="true" signature="setup()[pri:0, instance:DemoTest@7690781]" started-at="2021-08-22T20:21:01 IST" name="setup" finished-at="2021-08-22T20:21:04 IST" duration-ms="3115" status="PASS">
          <reporter-output>
          </reporter-output>
        </test-method> <!-- setup -->
        <test-method signature="google_SampleTest()[pri:0, instance:DemoTest@7690781]" started-at="2021-08-22T20:21:04 IST" name="google_SampleTest" finished-at="2021-08-22T20:21:16 IST" duration-ms="12378" status="PASS">
          <reporter-output>
          </reporter-output>
        </test-method> <!-- google_SampleTest -->
        <test-method is-config="true" signature="exit()[pri:0, instance:DemoTest@7690781]" started-at="2021-08-22T20:21:16 IST" name="exit" finished-at="2021-08-22T20:21:18 IST" duration-ms="1320" status="PASS">
          <reporter-output>
          </reporter-output>
        </test-method> <!-- exit -->
      </class> <!-- DemoTest -->
    </test> <!-- Test -->
  </suite> <!-- Suite -->
</testng-results>
