<?xml version="1.0" encoding="UTF-8"?>
<testng-results ignored="0" total="1" passed="1" failed="0" skipped="0">
  <reporter-output>
  </reporter-output>
  <suite started-at="2021-08-26T11:06:45 IST" name="Default suite" finished-at="2021-08-26T11:07:10 IST" duration-ms="25312">
    <groups>
    </groups>
    <test started-at="2021-08-26T11:06:45 IST" name="Default test" finished-at="2021-08-26T11:07:10 IST" duration-ms="25312">
      <class name="DemoTest">
        <test-method is-config="true" signature="setup()[pri:0, instance:DemoTest@16a0ee18]" started-at="2021-08-26T11:06:45 IST" name="setup" finished-at="2021-08-26T11:06:48 IST" duration-ms="3320" status="PASS">
          <reporter-output>
          </reporter-output>
        </test-method> <!-- setup -->
        <test-method signature="google_SampleTest()[pri:0, instance:DemoTest@16a0ee18]" started-at="2021-08-26T11:06:48 IST" name="google_SampleTest" finished-at="2021-08-26T11:07:10 IST" duration-ms="21179" status="PASS">
          <reporter-output>
          </reporter-output>
        </test-method> <!-- google_SampleTest -->
        <test-method is-config="true" signature="exit()[pri:0, instance:DemoTest@16a0ee18]" started-at="2021-08-26T11:07:10 IST" name="exit" finished-at="2021-08-26T11:07:10 IST" duration-ms="735" status="PASS">
          <reporter-output>
          </reporter-output>
        </test-method> <!-- exit -->
      </class> <!-- DemoTest -->
    </test> <!-- Default test -->
  </suite> <!-- Default suite -->
</testng-results>
