<?xml version="1.0" encoding="UTF-8"?>
<testng-results ignored="0" total="1" passed="1" failed="0" skipped="0">
  <reporter-output>
  </reporter-output>
  <suite started-at="2021-08-22T20:06:34 IST" name="Default suite" finished-at="2021-08-22T20:06:50 IST" duration-ms="16499">
    <groups>
    </groups>
    <test started-at="2021-08-22T20:06:34 IST" name="Default test" finished-at="2021-08-22T20:06:50 IST" duration-ms="16499">
      <class name="DemoTest">
        <test-method is-config="true" signature="setup()[pri:0, instance:DemoTest@32b260fa]" started-at="2021-08-22T20:06:34 IST" name="setup" finished-at="2021-08-22T20:06:40 IST" duration-ms="6609" status="PASS">
          <reporter-output>
          </reporter-output>
        </test-method> <!-- setup -->
        <test-method signature="google_SampleTest()[pri:0, instance:DemoTest@32b260fa]" started-at="2021-08-22T20:06:40 IST" name="google_SampleTest" finished-at="2021-08-22T20:06:49 IST" duration-ms="8399" status="PASS">
          <reporter-output>
          </reporter-output>
        </test-method> <!-- google_SampleTest -->
        <test-method is-config="true" signature="exit()[pri:0, instance:DemoTest@32b260fa]" started-at="2021-08-22T20:06:49 IST" name="exit" finished-at="2021-08-22T20:06:50 IST" duration-ms="1436" status="PASS">
          <reporter-output>
          </reporter-output>
        </test-method> <!-- exit -->
      </class> <!-- DemoTest -->
    </test> <!-- Default test -->
  </suite> <!-- Default suite -->
</testng-results>
